<?xml version="1.0" encoding="UTF-8"?>
<testng-results ignored="0" total="1" passed="1" failed="0" skipped="0">
  <reporter-output>
    <line>
      <![CDATA[Stock-000002439   Stock-000002439]]>
    </line>
    <line>
      <![CDATA[Supplier-00000004250   Supplier-00000004250]]>
    </line>
    <line>
      <![CDATA[Customer-00000009157   Customer-00000009157]]>
    </line>
  </reporter-output>
  <suite started-at="2024-07-25T20:48:13 IST" name="Surefire suite" finished-at="2024-07-25T20:49:29 IST" duration-ms="76821">
    <groups>
    </groups>
    <test started-at="2024-07-25T20:48:13 IST" name="Surefire test" finished-at="2024-07-25T20:49:29 IST" duration-ms="76821">
      <class name="DriverFactory.AppTest">
        <test-method signature="kickstart()[pri:0, instance:DriverFactory.AppTest@10959ece]" started-at="2024-07-25T20:48:13 IST" name="kickstart" finished-at="2024-07-25T20:49:29 IST" duration-ms="76754" status="PASS">
          <reporter-output>
            <line>
              <![CDATA[Stock-000002439   Stock-000002439]]>
            </line>
            <line>
              <![CDATA[Supplier-00000004250   Supplier-00000004250]]>
            </line>
            <line>
              <![CDATA[Customer-00000009157   Customer-00000009157]]>
            </line>
          </reporter-output>
        </test-method> <!-- kickstart -->
      </class> <!-- DriverFactory.AppTest -->
    </test> <!-- Surefire test -->
  </suite> <!-- Surefire suite -->
</testng-results>
